0 info it worked if it ends with ok
1 verbose cli [ '/Users/przeor/.nvm/versions/node/v4.2.2/bin/node',
1 verbose cli   '/Users/przeor/.nvm/versions/node/v4.2.2/bin/npm',
1 verbose cli   'start' ]
2 info using npm@3.5.1
3 info using node@v4.2.2
4 verbose run-script [ 'prestart', 'start', 'poststart' ]
5 info lifecycle falcor-netflix-shopping-cart-example@0.1.0~prestart: falcor-netflix-shopping-cart-example@0.1.0
6 silly lifecycle falcor-netflix-shopping-cart-example@0.1.0~prestart: no script for prestart, continuing
7 info lifecycle falcor-netflix-shopping-cart-example@0.1.0~start: falcor-netflix-shopping-cart-example@0.1.0
8 verbose lifecycle falcor-netflix-shopping-cart-example@0.1.0~start: unsafe-perm in lifecycle true
9 verbose lifecycle falcor-netflix-shopping-cart-example@0.1.0~start: PATH: /Users/przeor/.nvm/versions/node/v4.2.2/lib/node_modules/npm/bin/node-gyp-bin:/Users/przeor/Desktop/falcor-netflix-shopping-cart-example/node_modules/.bin:/Users/przeor/.nvm/versions/node/v4.2.2/bin:/usr/local/bin:/usr/bin:/bin:/usr/sbin:/sbin
10 verbose lifecycle falcor-netflix-shopping-cart-example@0.1.0~start: CWD: /Users/przeor/Desktop/falcor-netflix-shopping-cart-example
11 silly lifecycle falcor-netflix-shopping-cart-example@0.1.0~start: Args: [ '-c', 'node server.js' ]
12 silly lifecycle falcor-netflix-shopping-cart-example@0.1.0~start: Returned: code: 1  signal: null
13 info lifecycle falcor-netflix-shopping-cart-example@0.1.0~start: Failed to exec start script
14 verbose stack Error: falcor-netflix-shopping-cart-example@0.1.0 start: `node server.js`
14 verbose stack Exit status 1
14 verbose stack     at EventEmitter.<anonymous> (/Users/przeor/.nvm/versions/node/v4.2.2/lib/node_modules/npm/lib/utils/lifecycle.js:232:16)
14 verbose stack     at emitTwo (events.js:87:13)
14 verbose stack     at EventEmitter.emit (events.js:172:7)
14 verbose stack     at ChildProcess.<anonymous> (/Users/przeor/.nvm/versions/node/v4.2.2/lib/node_modules/npm/lib/utils/spawn.js:24:14)
14 verbose stack     at emitTwo (events.js:87:13)
14 verbose stack     at ChildProcess.emit (events.js:172:7)
14 verbose stack     at maybeClose (internal/child_process.js:818:16)
14 verbose stack     at Process.ChildProcess._handle.onexit (internal/child_process.js:211:5)
15 verbose pkgid falcor-netflix-shopping-cart-example@0.1.0
16 verbose cwd /Users/przeor/Desktop/falcor-netflix-shopping-cart-example
17 error Darwin 14.5.0
18 error argv "/Users/przeor/.nvm/versions/node/v4.2.2/bin/node" "/Users/przeor/.nvm/versions/node/v4.2.2/bin/npm" "start"
19 error node v4.2.2
20 error npm  v3.5.1
21 error code ELIFECYCLE
22 error falcor-netflix-shopping-cart-example@0.1.0 start: `node server.js`
22 error Exit status 1
23 error Failed at the falcor-netflix-shopping-cart-example@0.1.0 start script 'node server.js'.
23 error Make sure you have the latest version of node.js and npm installed.
23 error If you do, this is most likely a problem with the falcor-netflix-shopping-cart-example package,
23 error not with npm itself.
23 error Tell the author that this fails on your system:
23 error     node server.js
23 error You can get information on how to open an issue for this project with:
23 error     npm bugs falcor-netflix-shopping-cart-example
23 error Or if that isn't available, you can get their info via:
23 error     npm owner ls falcor-netflix-shopping-cart-example
23 error There is likely additional logging output above.
24 verbose exit [ 1, true ]
